<?xml version="1.0" encoding="UTF-8"?>
<!-- Generated by org.testng.reporters.JUnitReportReporter -->
<testsuite name="com.TestLayer.multiwindosTest" tests="8" time="1.741" ignored="0" failures="1" timestamp="14 Jun 2022 09:46:36 GMT" skipped="0" hostname="DESKTOP-2FSNI8M" errors="0">
  <testcase name="passTextbox" time="0.147" classname="com.TestLayer.multiwindosTest"/>
  <testcase name="newWindowBtn" time="0.286" classname="com.TestLayer.multiwindosTest">
    <failure type="java.lang.AssertionError" message="expected [Multiple frame Handle] but found [Multiple Window code]">
      <![CDATA[java.lang.AssertionError: expected [Multiple frame Handle] but found [Multiple Window code]
	at org.testng.Assert.fail(Assert.java:94)
	at org.testng.Assert.failNotEquals(Assert.java:513)
	at org.testng.Assert.assertEqualsImpl(Assert.java:135)
	at org.testng.Assert.assertEquals(Assert.java:116)
	at org.testng.Assert.assertEquals(Assert.java:190)
	at org.testng.Assert.assertEquals(Assert.java:200)
	at com.TestLayer.multiwindosTest.newWindowBtn(multiwindosTest.java:59)
	at sun.reflect.NativeMethodAccessorImpl.invoke0(Native Method)
	at sun.reflect.NativeMethodAccessorImpl.invoke(NativeMethodAccessorImpl.java:62)
	at sun.reflect.DelegatingMethodAccessorImpl.invoke(DelegatingMethodAccessorImpl.java:43)
	at java.lang.reflect.Method.invoke(Method.java:498)
	at org.testng.internal.MethodInvocationHelper.invokeMethod(MethodInvocationHelper.java:104)
	at org.testng.internal.Invoker.invokeMethod(Invoker.java:645)
	at org.testng.internal.Invoker.invokeTestMethod(Invoker.java:851)
	at org.testng.internal.Invoker.invokeTestMethods(Invoker.java:1177)
	at org.testng.internal.TestMethodWorker.invokeTestMethods(TestMethodWorker.java:129)
	at org.testng.internal.TestMethodWorker.run(TestMethodWorker.java:112)
	at org.testng.TestRunner.privateRun(TestRunner.java:756)
	at org.testng.TestRunner.run(TestRunner.java:610)
	at org.testng.SuiteRunner.runTest(SuiteRunner.java:387)
	at org.testng.SuiteRunner.runSequentially(SuiteRunner.java:382)
	at org.testng.SuiteRunner.privateRun(SuiteRunner.java:340)
	at org.testng.SuiteRunner.run(SuiteRunner.java:289)
	at org.testng.SuiteRunnerWorker.runSuite(SuiteRunnerWorker.java:52)
	at org.testng.SuiteRunnerWorker.run(SuiteRunnerWorker.java:86)
	at org.testng.TestNG.runSuitesSequentially(TestNG.java:1293)
	at org.testng.TestNG.runSuitesLocally(TestNG.java:1218)
	at org.testng.TestNG.runSuites(TestNG.java:1133)
	at org.testng.TestNG.run(TestNG.java:1104)
	at org.testng.remote.AbstractRemoteTestNG.run(AbstractRemoteTestNG.java:132)
	at org.testng.remote.RemoteTestNG.initAndRun(RemoteTestNG.java:236)
	at org.testng.remote.RemoteTestNG.main(RemoteTestNG.java:81)
]]>
    </failure>
  </testcase> <!-- newWindowBtn -->
  <testcase name="unameIsDisplayed" time="0.389" classname="com.TestLayer.multiwindosTest"/>
  <testcase name="unameTextbox" time="0.217" classname="com.TestLayer.multiwindosTest"/>
  <testcase name="passIsEnabled" time="0.056" classname="com.TestLayer.multiwindosTest"/>
  <testcase name="unameIsEnabled" time="0.058" classname="com.TestLayer.multiwindosTest"/>
  <testcase name="submitBtn" time="0.481" classname="com.TestLayer.multiwindosTest"/>
  <testcase name="passIsDisplayed" time="0.107" classname="com.TestLayer.multiwindosTest"/>
</testsuite> <!-- com.TestLayer.multiwindosTest -->
