<?xml version="1.0" encoding="UTF-8"?>
<!-- Generated by org.testng.reporters.JUnitReportReporter -->
<testsuite name="com.TestLayer.DeleteEmp" tests="1" time="5.073" ignored="0" failures="0" timestamp="19 Apr 2022 12:57:29 GMT" skipped="0" hostname="DESKTOP-2FSNI8M" errors="0">
  <testcase name="Delete" time="5.073" classname="com.TestLayer.DeleteEmp"/>
</testsuite> <!-- com.TestLayer.DeleteEmp -->
