<?xml version="1.0" encoding="UTF-8"?>
<!-- Generated by org.testng.reporters.JUnitReportReporter -->
<testsuite name="com.TestLayer.PersonalDetails" tests="1" time="4.960" ignored="0" failures="0" timestamp="19 Apr 2022 12:57:29 GMT" skipped="0" hostname="DESKTOP-2FSNI8M" errors="0">
  <testcase name="PIMPersonalinfo" time="4.960" classname="com.TestLayer.PersonalDetails"/>
</testsuite> <!-- com.TestLayer.PersonalDetails -->
